<?xml version="1.0" encoding="UTF-8"?>
<testsuite xmlns:xsi="http://www.w3.org/2001/XMLSchema-instance" xsi:noNamespaceSchemaLocation="https://maven.apache.org/surefire/maven-surefire-plugin/xsd/surefire-test-report.xsd" name="br.inatel.dexmarket.service.TrocaServiceTest" time="0.222" tests="7" errors="0" skipped="0" failures="0">
  <properties>
[...]
</properties>
  <testcase name="listarPropostasPorTroca_DeveRetornarPropostasCorretas" classname="br.inatel.dexmarket.service.TrocaServiceTest" time="0.15"/>
  <testcase name="criarTroca_TrocaValida_DeveRetornarTrocaComId" classname="br.inatel.dexmarket.service.TrocaServiceTest" time="0.013"/>
  <testcase name="processarProposta_RejeitarProposta_DeveRejeitarPropostaENaoAlterarTroca" classname="br.inatel.dexmarket.service.TrocaServiceTest" time="0.008"/>
  <testcase name="processarProposta_AceitarProposta_DeveConcluirTrocaEAceitarProposta" classname="br.inatel.dexmarket.service.TrocaServiceTest" time="0.009"/>
  <testcase name="listarTrocasConcluidasDoJogador_DeveRetornarTrocasConcluidasDoJogador" classname="br.inatel.dexmarket.service.TrocaServiceTest" time="0.001"/>
  <testcase name="criarTroca_TrocaInvalidaComEstrategiaRara_DeveLancarExcecao" classname="br.inatel.dexmarket.service.TrocaServiceTest" time="0.004"/>
  <testcase name="listarTrocasAtivas_DeveRetornarApenasTrocasAtivas" classname="br.inatel.dexmarket.service.TrocaServiceTest" time="0.003"/>
</testsuite>